1643922651::message::jiangkaiwen::b'}\xb8\xcc\xe0\xc8H\xd1)\x19\x150\xa6\x99KX\x9d'::60a2543d6a3ee5d5a2b8f73dd460131536dd1777edfb044ed5dbea4ce93ed20e
1643922653::message::jiangzhipeng::b'}\xb8\xcc\xe0\xc8H\xd1)\x19\x150\xa6\x99KX\x9d'::793c49eb6c706b82bd80a81718c1716f3d174223266bcdef79b6d9d6681f327d
1643922659::message::jiangkaiwen::b'\x8dx\xb6\xe4@\x86\x91\x81\xed[\xe3?F\x18\xdb\xb6'::4267fa16d8cd51a04ae596d0000f8b01186d2ab792de4007302388881a7380fd
1643922666::message::jiangkaiwen::b'\x8ec\x10k\xbd\xa0\x11\xe5S\xc0}"$\xe9\xc6\xb3'::2bbb291b2959720b4f47ad79083743fcfaa81704ea8b5d980edec68888e2cbf4
1643924267::message::jiangkaiwen::b'}\xb8\xcc\xe0\xc8H\xd1)\x19\x150\xa6\x99KX\x9d'::4c130fcc04da246676d731430e8576443b54dde57d4cc5a99133f06840bec0c6
1643924270::message::jiangzhipeng::b'}\xb8\xcc\xe0\xc8H\xd1)\x19\x150\xa6\x99KX\x9d'::e079fb828783612015684e383df1f6acd1a06982b121e746b9bdad2910dc680a
1643925005::message::jiangkaiwen::b'}\xb8\xcc\xe0\xc8H\xd1)\x19\x150\xa6\x99KX\x9d'::da12c5a88eab2e2e05b51faa6e8b135d0a71543bf8d03256bda6a461be3589f2
1643925007::message::jiangzhipeng::b'}\xb8\xcc\xe0\xc8H\xd1)\x19\x150\xa6\x99KX\x9d'::3ba1ffad6a820552be7567681d0628716785d39dab1ba3a1db2781bcf63db351
1643925008::message::jiangzhipeng::b'}\xb8\xcc\xe0\xc8H\xd1)\x19\x150\xa6\x99KX\x9d'::0d4462bf461a797d792f25716357b0140f3aa026ec4b3191f14e11321054c55a
1643925011::message::jiangzhipeng::b'\x8ec\x10k\xbd\xa0\x11\xe5S\xc0}"$\xe9\xc6\xb3'::3a5aaaf732c5764dc589c8bc9322c7342051bbf9c1111a57d875c538dd4c41e3
1643929503::message::jiangzhipeng::b'}\xb8\xcc\xe0\xc8H\xd1)\x19\x150\xa6\x99KX\x9d'::52cf97160df2c08d4816163dd8efb1262edcf2698c74c584444d186147abd185
1643929506::message::jiangkaiwen::b'\xa9\xfe\x046>\xe8X\x8d\x08\x9a\xb4o\x19!;\x89'::382c18bd8f89cd55c9f8b781e62978f01ccc5c2f5cbdb309c4f337272306ea7c
1643929507::message::jiangkaiwen::b']\xa6\x03\xb5O\xb62\x9d\x9a\x85U\xd6\xa5\xd5\x9f\x9a'::f7025fb305cdb43330865461149471dfd1136858a40d240b3a8373ecb245b216
1643929509::message::jiangzhipeng::b'\xf7\x15\xfffLt\xab\x82/*\xdd`C\x91\xc5\xb2'::503c5f0aa3c7ea6601b7deb5bacc51b6ca9711844f5d202acd013f7d2214c468
1643929511::message::jiangzhipeng::b'\x8ec\x10k\xbd\xa0\x11\xe5S\xc0}"$\xe9\xc6\xb3'::3708c854a776544fa2fe509d2c5553f90eb393c3c551c82d5f8bb775a0e51f91
1643973711::message::jiangkaiwen::b'}\xb8\xcc\xe0\xc8H\xd1)\x19\x150\xa6\x99KX\x9d'::b13769e5d1d24983f0ece3cf191fd47192dcd01092d3887b74d0373dc465de70
1643973713::message::jiangzhipeng::b'}\xb8\xcc\xe0\xc8H\xd1)\x19\x150\xa6\x99KX\x9d'::b61dc2bc90d210a281650c28500fe0b97c2fbe7d25bdab03dee5b1190fe247bf
1643973714::message::jiangzhipeng::b'\x8ec\x10k\xbd\xa0\x11\xe5S\xc0}"$\xe9\xc6\xb3'::e7a6967fd27b4a208abd1933280ae3e2dce25cc93b73d471f19c90672708f0f9
1643973810::message::jiangkaiwen::b'}\xb8\xcc\xe0\xc8H\xd1)\x19\x150\xa6\x99KX\x9d'::4747a799b576c57427f5adaa624e04ba731e091e72f80a528f883cad6122f33e
1643973812::message::jiangzhipeng::b'}\xb8\xcc\xe0\xc8H\xd1)\x19\x150\xa6\x99KX\x9d'::a94ae4d488807ecb47f432a2abab66c7ba4f969c7078215940b4c47b4169384e
1643973814::message::jiangzhipeng::b'\x8ec\x10k\xbd\xa0\x11\xe5S\xc0}"$\xe9\xc6\xb3'::60943090c2721789aee777a9d5ad026b3eab73a2b287bcb9cd2a2076f9b97cee
1643973871::message::jiangzhipeng::b'}\xb8\xcc\xe0\xc8H\xd1)\x19\x150\xa6\x99KX\x9d'::e759aaf2ed7339d758ad1e6b4c51a65dbaacc4cef4940006a716b19320c092b4
1643973873::message::jiangkaiwen::b'}\xb8\xcc\xe0\xc8H\xd1)\x19\x150\xa6\x99KX\x9d'::bf9d078e1603ab9b8539485fb47aee68dc4ac604d2dd5542950b5ae90fea59a6
1643973874::message::jiangkaiwen::b'\x8ec\x10k\xbd\xa0\x11\xe5S\xc0}"$\xe9\xc6\xb3'::566fa527468c75cc3753144a54137cbecf9880bb43770a38f371745d5098d7a4
1643973948::message::jiangkaiwen::b'}\xb8\xcc\xe0\xc8H\xd1)\x19\x150\xa6\x99KX\x9d'::f04f26f0c9fc0162835ed51a05ca05efdfe29e78d0a4d263dcfe32020eda973f
1643973949::message::jiangzhipeng::b'}\xb8\xcc\xe0\xc8H\xd1)\x19\x150\xa6\x99KX\x9d'::b66d0bfe95532eb9b52cb434db4cf183fcd780594c3ce38878ebaade570fa5f4
1643973951::message::jiangzhipeng::b'\x8ec\x10k\xbd\xa0\x11\xe5S\xc0}"$\xe9\xc6\xb3'::7f2d5aea40abdd3187adb3142f6a64adecf34a85d4e3a01ed9edf9919941cd7c
1643974016::message::jiangzhipeng::b'}\xb8\xcc\xe0\xc8H\xd1)\x19\x150\xa6\x99KX\x9d'::18a1ed7869bdead5cb9367962814f742792458560954ad7a12a7dd7e47cb9c80
1643974025::message::jiangzhipeng::b'\x8ec\x10k\xbd\xa0\x11\xe5S\xc0}"$\xe9\xc6\xb3'::042f60253d38dfd3ce13c484bed8134a47037e0abb039fed101714f9d066c75e
1643974099::message::jiangkaiwen::b'}\xb8\xcc\xe0\xc8H\xd1)\x19\x150\xa6\x99KX\x9d'::e3268a6b4c87d860877b4659375c30d0faa1a65d43c99c4cb1937a2ab4a49bde
1643974100::message::jiangzhipeng::b'}\xb8\xcc\xe0\xc8H\xd1)\x19\x150\xa6\x99KX\x9d'::627f017c85588244f23cd7158abd59754b5c22bed1cdd6a7232ef7b13fe90e8b
1643974102::message::jiangzhipeng::b'\x8ec\x10k\xbd\xa0\x11\xe5S\xc0}"$\xe9\xc6\xb3'::ae8693028a813208b977a5b2c1bcde6c7d6e7f12a70b25626a8acaee3f8fb2bb
1643974178::message::jiangkaiwen::b'}\xb8\xcc\xe0\xc8H\xd1)\x19\x150\xa6\x99KX\x9d'::91e2c502acf897d8d3efb97776f48a877ca7832eccd38903c68faa5c778954fd
1643974180::message::jiangzhipeng::b'}\xb8\xcc\xe0\xc8H\xd1)\x19\x150\xa6\x99KX\x9d'::cab7b66a177bc4dee4e9cb04d6ead824bc82513753f8275fc7acc0f95510b598
1643974182::message::jiangzhipeng::b'\x8ec\x10k\xbd\xa0\x11\xe5S\xc0}"$\xe9\xc6\xb3'::4759a71962c87087f8fcf5bad05600b0380d93f5b35da02bbb9dadb06bcbdcda
1643974187::message::jiangkaiwen::b'}\xb8\xcc\xe0\xc8H\xd1)\x19\x150\xa6\x99KX\x9d'::f63fe7bf833e88a60511f5297bc6ad9360a329f5e34eef281bb6cd522ab5e910
1643974190::message::jiangkaiwen::b'\x8ec\x10k\xbd\xa0\x11\xe5S\xc0}"$\xe9\xc6\xb3'::489c74d3c862d69bbe85b880eac9218b883a208fe6f126285d7d30397c088424
1643974265::message::jiangkaiwen::b'}\xb8\xcc\xe0\xc8H\xd1)\x19\x150\xa6\x99KX\x9d'::66d277d7745cbde800a4ec6899d9984d11fa55e87b0c3a553097133138597963
1643974266::message::jiangzhipeng::b'}\xb8\xcc\xe0\xc8H\xd1)\x19\x150\xa6\x99KX\x9d'::b7b65357e0b2fde96c8048ea8f7a32ef5c591311d346238dce04e20640657f1d
1643974268::message::jiangzhipeng::b'\x8ec\x10k\xbd\xa0\x11\xe5S\xc0}"$\xe9\xc6\xb3'::8e3e7f475f7e2446bb36dbd27d8de0d2bf2ceac1f916de0b75f926cc56c85e64
1643974271::message::jiangkaiwen::b'\x8ec\x10k\xbd\xa0\x11\xe5S\xc0}"$\xe9\xc6\xb3'::b57e04767a1d3781b9bd3c8820070f5385921837a234684abf766592b9c19c7b
1643974313::message::jiangzhipeng::b'}\xb8\xcc\xe0\xc8H\xd1)\x19\x150\xa6\x99KX\x9d'::76faa22ede09d503864f9e6a3e16cfe43f764b1d6e896372420f9dc228472b1f
1643974315::message::jiangkaiwen::b'}\xb8\xcc\xe0\xc8H\xd1)\x19\x150\xa6\x99KX\x9d'::b6ff04ec4da89ae45afca85da55022c933025db61fc78fc3f679c9d08481945c
1643974316::message::jiangkaiwen::b'\x8ec\x10k\xbd\xa0\x11\xe5S\xc0}"$\xe9\xc6\xb3'::633b51c4e6a415af66a3f8e0bbb4432ef39082020f5f87cee929fb006ff99886
1643974319::message::jiangzhipeng::b'\x8ec\x10k\xbd\xa0\x11\xe5S\xc0}"$\xe9\xc6\xb3'::a0faf393e39a9a383ed1e8edf5e149365db11a14699090e5ef8165e9f1ebe83d
1643974419::message::jiangkaiwen::b'}\xb8\xcc\xe0\xc8H\xd1)\x19\x150\xa6\x99KX\x9d'::e0bed1bb709539117c8754236afd3935782bfc86404d34ab1366a40608a9f99b
1643974421::message::jiangzhipeng::b'}\xb8\xcc\xe0\xc8H\xd1)\x19\x150\xa6\x99KX\x9d'::41d3ae3c1bbb3a44b8a93bde337b463e1c20c8fc1d9700670b3683684f341085
1643974422::message::jiangzhipeng::b'\x8ec\x10k\xbd\xa0\x11\xe5S\xc0}"$\xe9\xc6\xb3'::0a4dcc32094c09469deb9e4ceb3b844fc83beecda5ccc1cef2b9d1af1278a1da
1643974515::message::wangxinzhong::b'\xf79\x0fWN\xf5\x82\x0c[\xae\x14bC\xdaIy'::f4277281ceb67b1ca031be8fc406191fa3f87e6704b5f8f758db22267786289e
1643974518::message::weichengyang::b'}\xb8\xcc\xe0\xc8H\xd1)\x19\x150\xa6\x99KX\x9d'::1b70662d9516b9d9047aee442ebc666f13a882ec2ee1a39a58c2f3edddffa59c
1643974520::message::weichengyang::b'\x8ec\x10k\xbd\xa0\x11\xe5S\xc0}"$\xe9\xc6\xb3'::700e40cc01487daac9ad5d598e9d2e3c2c32dd0d20e65c0f8d2f4e7dbf1eadb1
1643974539::message::wangxinzhong::b'\x8ec\x10k\xbd\xa0\x11\xe5S\xc0}"$\xe9\xc6\xb3'::07df5441f85b5995d188afcbedc47706c60bbf05a4f619dd18bf072ea9408453
1643974609::message::jiangkaiwen::b'}\xb8\xcc\xe0\xc8H\xd1)\x19\x150\xa6\x99KX\x9d'::c5d5a5dfb0166ee309e6e1a13c9abdb432e3335441c58bcf992ab31c0201360a
1643974611::message::jiangzhipeng::b'}\xb8\xcc\xe0\xc8H\xd1)\x19\x150\xa6\x99KX\x9d'::cab152deb2bd237adc72e5902b66de8909edf3982e9d90c10c7bd23943b1477b
1643974612::message::jiangzhipeng::b'\x8ec\x10k\xbd\xa0\x11\xe5S\xc0}"$\xe9\xc6\xb3'::1983b67f4b8ecd2a0d6b3260b494610d5c79810eedb6b5b84decb9ea3888284b
1643974635::message::wangxinzhong::b'}\xb8\xcc\xe0\xc8H\xd1)\x19\x150\xa6\x99KX\x9d'::89b84be653274612f06fd7e46cdde7f2c7f7987f38e0efece0d9c378f7d8e325
1643974637::message::weichengyang::b'}\xb8\xcc\xe0\xc8H\xd1)\x19\x150\xa6\x99KX\x9d'::3a8ddba7408d8a82f3c695141ea07aa0dfb5e804f4c91fff922b420b263ac551
1643974638::message::weichengyang::b'\x8ec\x10k\xbd\xa0\x11\xe5S\xc0}"$\xe9\xc6\xb3'::eae5eb18ca01a055a1e6d386218a1229ce14f6cf0e71692f1fbb6d92e082160a
1643974680::message::wangxinzhong::b'\x98\xdb?\xbd%\xb2n\x06\x8cG\xe9\xb6\xa5n`h'::31bfbd57baa32f4f0ea52256a433bb7bd2b1d3d80d04e062c6efb523babc9ed9
1643974687::message::jiangkaiwen::b'}\xb8\xcc\xe0\xc8H\xd1)\x19\x150\xa6\x99KX\x9d'::35aea07862926ed6545de8bd03c522fd25b2c5bd4976a20902b2b8a8ab0d3f4f
1643974688::message::jiangzhipeng::b'}\xb8\xcc\xe0\xc8H\xd1)\x19\x150\xa6\x99KX\x9d'::7882b235b53bcd00635249b07b31e88e29e9695b4895473a8b9a02f6eba72d2d
1643974690::message::jiangzhipeng::b'\x8ec\x10k\xbd\xa0\x11\xe5S\xc0}"$\xe9\xc6\xb3'::66e278373abea2689020743525672bd00429b259dd5e91fe2b661f7d48ba2579
1643974750::message::jiangkaiwen::b'}\xb8\xcc\xe0\xc8H\xd1)\x19\x150\xa6\x99KX\x9d'::c750e78efd20585786eed9fb3a12fa3c2cc8b268b9baf5fb53cf1e80fccbce88
1643974752::message::jiangzhipeng::b'}\xb8\xcc\xe0\xc8H\xd1)\x19\x150\xa6\x99KX\x9d'::1f4fe4095e04d06d7c3189a8db6ec50979283f56a64df5c49ba9ca203be1701e
1643974753::message::jiangzhipeng::b'\x8ec\x10k\xbd\xa0\x11\xe5S\xc0}"$\xe9\xc6\xb3'::d4e3fc4d4710ceb0519afa51b6a489820e0aedb325aa4eef44afd47c3a6df7fc
1643974931::message::jiangkaiwen::b'}\xb8\xcc\xe0\xc8H\xd1)\x19\x150\xa6\x99KX\x9d'::24fe91996fac0b4f101a1d1045ea8396b2b33461d750030477224e3b66441dc1
1643974933::message::jiangzhipeng::b'}\xb8\xcc\xe0\xc8H\xd1)\x19\x150\xa6\x99KX\x9d'::d82e4d8e3fa0dc70417d23cf221eb44f28780083b0e801513775505a3464f91e
1643974934::message::jiangzhipeng::b'B2\xd9b\x02o\xc7[D\xaa\x8f5\x86\x89w{'::b5bd5a74d3182b68c9fd603c4139e142ac5b9768aab1bb112c1f883e31e9abb9
1643974937::message::jiangzhipeng::b'\x8ec\x10k\xbd\xa0\x11\xe5S\xc0}"$\xe9\xc6\xb3'::50b0171c0a41718f086b6bd2534847422a5397d9e4f987643f3608068c928d60
1643974947::message::jiangzhipeng::b'}\xb8\xcc\xe0\xc8H\xd1)\x19\x150\xa6\x99KX\x9d'::1c381a348e8f60f177072d936f1dc14e6150659e121a443ba5b82e0586b4488b
1643974949::message::wangxinzhong::b'}\xb8\xcc\xe0\xc8H\xd1)\x19\x150\xa6\x99KX\x9d'::957f2653beeb8a7de16ec1fcc00e4d51f69c0751a77a703fc5672b3bad4b817e
1643974958::message::wangxinzhong::b'\x8ec\x10k\xbd\xa0\x11\xe5S\xc0}"$\xe9\xc6\xb3'::ac0cc25f3bf0a3daccdfb17446f817cf7cc1b2c0f9bcbc82a0f2a6592bd4c012
1643975065::message::jiangzhipeng::b'}\xb8\xcc\xe0\xc8H\xd1)\x19\x150\xa6\x99KX\x9d'::47a994da7a63c7c0847019f2587514d5fb578746c72749bbd6e9de86fe78b1d9
1643975067::message::jiangkaiwen::b'}\xb8\xcc\xe0\xc8H\xd1)\x19\x150\xa6\x99KX\x9d'::d607524bc06364e0f7f0f07a90e04097d14352d372053ba36c96d679a1c2b042
1643975068::message::jiangkaiwen::b'\x8ec\x10k\xbd\xa0\x11\xe5S\xc0}"$\xe9\xc6\xb3'::7d85f007b8610d91f0c2d93a36a6ebb9488a57d47e8aabd7eede60a844581438
1643975121::message::jiangkaiwen::b'}\xb8\xcc\xe0\xc8H\xd1)\x19\x150\xa6\x99KX\x9d'::5982378c04cfef661dabc0b2533f8a15f1616f6f46fea2d3d8aa7009d2a828d2
1643975123::message::jiangzhipeng::b'}\xb8\xcc\xe0\xc8H\xd1)\x19\x150\xa6\x99KX\x9d'::3f140c6ab17025e6c8faa0ed8363e036303aea3628b78a487032a9e8142d56d1
1643975125::message::jiangkaiwen::b'\x8ec\x10k\xbd\xa0\x11\xe5S\xc0}"$\xe9\xc6\xb3'::7cd18f50e90d413e3d9cca8d37a1e9d4f958929ac77d34059a28add379179719
1643975140::message::wangxinzhong::b'}\xb8\xcc\xe0\xc8H\xd1)\x19\x150\xa6\x99KX\x9d'::900e5d2778abf22eee884b689683ff905afe99a5562884b3e22dcb6d3497e8d7
1643975142::message::jiangkaiwen::b'}\xb8\xcc\xe0\xc8H\xd1)\x19\x150\xa6\x99KX\x9d'::88cb268a72bb0781b2e7a6420e53cce4638bd7dd55cc9aa160912a64fd921f94
1643975144::message::jiangkaiwen::b'\x8ec\x10k\xbd\xa0\x11\xe5S\xc0}"$\xe9\xc6\xb3'::dcd425c894f4f5519ee3120e165421747b8f50e3717055f6f48804cdeb434162
